<?xml version="1.0" encoding="UTF-8"?>
<!-- Generated by org.testng.reporters.JUnitXMLReporter -->
<testsuite ignored="0" hostname="Mac.lan" failures="1" tests="2" name="Error Validations Test" time="12.258" errors="0" timestamp="2025-11-18T23:47:26 CST">
  <testcase classname="roshanAcademy.tests.ErrorValidation" name="loginErrorValidation" time="0.525">
    <failure type="java.lang.AssertionError" message="expected:&amp;lt;Incorrect email or password.&amp;gt; but was:&amp;lt;Incorrect email or password.....&amp;gt;">
      <![CDATA[java.lang.AssertionError: expected:<Incorrect email or password.> but was:<Incorrect email or password.....>
at roshanAcademy.tests.ErrorValidation.loginErrorValidation(ErrorValidation.java:26)
at java.base/java.util.ArrayList.forEach(ArrayList.java:1596)
... Removed 27 stack frames]]>
    </failure>
  </testcase> <!-- loginErrorValidation -->
  <testcase classname="roshanAcademy.tests.ErrorValidation" name="productErrorValidation" time="3.42"/>
</testsuite> <!-- Error Validations Test -->
