<?xml version="1.0" encoding="UTF-8"?>
<testsuite xmlns:xsi="http://www.w3.org/2001/XMLSchema-instance" xsi:noNamespaceSchemaLocation="https://maven.apache.org/surefire/maven-surefire-plugin/xsd/surefire-test-report.xsd" version="3.0.2" name="TestSuite" time="715.294" tests="7" errors="0" skipped="3" failures="4">
  <properties>
    <property name="java.specification.version" value="25"/>
    <property name="webdriver.chrome.driver" value="/Users/roshan/.cache/selenium/chromedriver/mac-arm64/142.0.7444.175/chromedriver"/>
    <property name="sun.jnu.encoding" value="UTF-8"/>
    <property name="java.class.path" value="/Users/roshan/eclipse-workspace/SeleniumFrameworkDesign/target/test-classes:/Users/roshan/eclipse-workspace/SeleniumFrameworkDesign/target/classes:/Users/roshan/.m2/repository/org/seleniumhq/selenium/selenium-java/4.38.0/selenium-java-4.38.0.jar:/Users/roshan/.m2/repository/org/seleniumhq/selenium/selenium-api/4.38.0/selenium-api-4.38.0.jar:/Users/roshan/.m2/repository/org/jspecify/jspecify/1.0.0/jspecify-1.0.0.jar:/Users/roshan/.m2/repository/org/seleniumhq/selenium/selenium-chrome-driver/4.38.0/selenium-chrome-driver-4.38.0.jar:/Users/roshan/.m2/repository/com/google/auto/service/auto-service-annotations/1.1.1/auto-service-annotations-1.1.1.jar:/Users/roshan/.m2/repository/org/seleniumhq/selenium/selenium-chromium-driver/4.38.0/selenium-chromium-driver-4.38.0.jar:/Users/roshan/.m2/repository/org/seleniumhq/selenium/selenium-json/4.38.0/selenium-json-4.38.0.jar:/Users/roshan/.m2/repository/org/seleniumhq/selenium/selenium-manager/4.38.0/selenium-manager-4.38.0.jar:/Users/roshan/.m2/repository/org/seleniumhq/selenium/selenium-devtools-v140/4.38.0/selenium-devtools-v140-4.38.0.jar:/Users/roshan/.m2/repository/org/seleniumhq/selenium/selenium-devtools-v141/4.38.0/selenium-devtools-v141-4.38.0.jar:/Users/roshan/.m2/repository/org/seleniumhq/selenium/selenium-devtools-v142/4.38.0/selenium-devtools-v142-4.38.0.jar:/Users/roshan/.m2/repository/org/seleniumhq/selenium/selenium-edge-driver/4.38.0/selenium-edge-driver-4.38.0.jar:/Users/roshan/.m2/repository/org/seleniumhq/selenium/selenium-firefox-driver/4.38.0/selenium-firefox-driver-4.38.0.jar:/Users/roshan/.m2/repository/org/seleniumhq/selenium/selenium-http/4.38.0/selenium-http-4.38.0.jar:/Users/roshan/.m2/repository/org/seleniumhq/selenium/selenium-ie-driver/4.38.0/selenium-ie-driver-4.38.0.jar:/Users/roshan/.m2/repository/org/seleniumhq/selenium/selenium-remote-driver/4.38.0/selenium-remote-driver-4.38.0.jar:/Users/roshan/.m2/repository/com/google/guava/guava/33.5.0-jre/guava-33.5.0-jre.jar:/Users/roshan/.m2/repository/com/google/guava/failureaccess/1.0.3/failureaccess-1.0.3.jar:/Users/roshan/.m2/repository/com/google/guava/listenablefuture/9999.0-empty-to-avoid-conflict-with-guava/listenablefuture-9999.0-empty-to-avoid-conflict-with-guava.jar:/Users/roshan/.m2/repository/com/google/j2objc/j2objc-annotations/3.1/j2objc-annotations-3.1.jar:/Users/roshan/.m2/repository/io/opentelemetry/opentelemetry-api/1.55.0/opentelemetry-api-1.55.0.jar:/Users/roshan/.m2/repository/io/opentelemetry/opentelemetry-context/1.55.0/opentelemetry-context-1.55.0.jar:/Users/roshan/.m2/repository/io/opentelemetry/opentelemetry-common/1.55.0/opentelemetry-common-1.55.0.jar:/Users/roshan/.m2/repository/io/opentelemetry/opentelemetry-exporter-logging/1.55.0/opentelemetry-exporter-logging-1.55.0.jar:/Users/roshan/.m2/repository/io/opentelemetry/opentelemetry-sdk-common/1.55.0/opentelemetry-sdk-common-1.55.0.jar:/Users/roshan/.m2/repository/io/opentelemetry/opentelemetry-sdk-extension-autoconfigure-spi/1.55.0/opentelemetry-sdk-extension-autoconfigure-spi-1.55.0.jar:/Users/roshan/.m2/repository/io/opentelemetry/opentelemetry-sdk-extension-autoconfigure/1.55.0/opentelemetry-sdk-extension-autoconfigure-1.55.0.jar:/Users/roshan/.m2/repository/io/opentelemetry/opentelemetry-sdk-trace/1.55.0/opentelemetry-sdk-trace-1.55.0.jar:/Users/roshan/.m2/repository/io/opentelemetry/opentelemetry-sdk/1.55.0/opentelemetry-sdk-1.55.0.jar:/Users/roshan/.m2/repository/io/opentelemetry/opentelemetry-sdk-metrics/1.55.0/opentelemetry-sdk-metrics-1.55.0.jar:/Users/roshan/.m2/repository/io/opentelemetry/opentelemetry-sdk-logs/1.55.0/opentelemetry-sdk-logs-1.55.0.jar:/Users/roshan/.m2/repository/net/bytebuddy/byte-buddy/1.17.8/byte-buddy-1.17.8.jar:/Users/roshan/.m2/repository/org/seleniumhq/selenium/selenium-os/4.38.0/selenium-os-4.38.0.jar:/Users/roshan/.m2/repository/org/apache/commons/commons-exec/1.5.0/commons-exec-1.5.0.jar:/Users/roshan/.m2/repository/org/seleniumhq/selenium/selenium-safari-driver/4.38.0/selenium-safari-driver-4.38.0.jar:/Users/roshan/.m2/repository/org/seleniumhq/selenium/selenium-support/4.38.0/selenium-support-4.38.0.jar:/Users/roshan/.m2/repository/org/testng/testng/7.11.0/testng-7.11.0.jar:/Users/roshan/.m2/repository/org/slf4j/slf4j-api/2.0.16/slf4j-api-2.0.16.jar:/Users/roshan/.m2/repository/org/jcommander/jcommander/1.83/jcommander-1.83.jar:/Users/roshan/.m2/repository/org/webjars/jquery/3.7.1/jquery-3.7.1.jar:/Users/roshan/.m2/repository/io/github/bonigarcia/webdrivermanager/6.3.3/webdrivermanager-6.3.3.jar:/Users/roshan/.m2/repository/com/google/code/gson/gson/2.13.2/gson-2.13.2.jar:/Users/roshan/.m2/repository/com/google/errorprone/error_prone_annotations/2.41.0/error_prone_annotations-2.41.0.jar:/Users/roshan/.m2/repository/com/github/docker-java/docker-java/3.6.0/docker-java-3.6.0.jar:/Users/roshan/.m2/repository/com/github/docker-java/docker-java-core/3.6.0/docker-java-core-3.6.0.jar:/Users/roshan/.m2/repository/com/github/docker-java/docker-java-api/3.6.0/docker-java-api-3.6.0.jar:/Users/roshan/.m2/repository/com/fasterxml/jackson/core/jackson-databind/2.19.2/jackson-databind-2.19.2.jar:/Users/roshan/.m2/repository/com/fasterxml/jackson/core/jackson-core/2.19.2/jackson-core-2.19.2.jar:/Users/roshan/.m2/repository/org/slf4j/jcl-over-slf4j/1.7.30/jcl-over-slf4j-1.7.30.jar:/Users/roshan/.m2/repository/com/github/docker-java/docker-java-transport-httpclient5/3.6.0/docker-java-transport-httpclient5-3.6.0.jar:/Users/roshan/.m2/repository/com/github/docker-java/docker-java-transport/3.6.0/docker-java-transport-3.6.0.jar:/Users/roshan/.m2/repository/net/java/dev/jna/jna/5.17.0/jna-5.17.0.jar:/Users/roshan/.m2/repository/org/brotli/dec/0.1.2/dec-0.1.2.jar:/Users/roshan/.m2/repository/org/apache/commons/commons-lang3/3.19.0/commons-lang3-3.19.0.jar:/Users/roshan/.m2/repository/org/apache/commons/commons-compress/1.28.0/commons-compress-1.28.0.jar:/Users/roshan/.m2/repository/commons-codec/commons-codec/1.19.0/commons-codec-1.19.0.jar:/Users/roshan/.m2/repository/commons-io/commons-io/2.20.0/commons-io-2.20.0.jar:/Users/roshan/.m2/repository/org/apache/httpcomponents/client5/httpclient5/5.4.3/httpclient5-5.4.3.jar:/Users/roshan/.m2/repository/org/apache/httpcomponents/core5/httpcore5/5.3.4/httpcore5-5.3.4.jar:/Users/roshan/.m2/repository/org/apache/httpcomponents/core5/httpcore5-h2/5.3.4/httpcore5-h2-5.3.4.jar:/Users/roshan/.m2/repository/tools/jackson/core/jackson-databind/3.0.2/jackson-databind-3.0.2.jar:/Users/roshan/.m2/repository/com/fasterxml/jackson/core/jackson-annotations/2.20/jackson-annotations-2.20.jar:/Users/roshan/.m2/repository/tools/jackson/core/jackson-core/3.0.2/jackson-core-3.0.2.jar:/Users/roshan/.m2/repository/com/aventstack/extentreports/5.1.2/extentreports-5.1.2.jar:/Users/roshan/.m2/repository/io/reactivex/rxjava3/rxjava/3.1.6/rxjava-3.1.6.jar:/Users/roshan/.m2/repository/org/reactivestreams/reactive-streams/1.0.4/reactive-streams-1.0.4.jar:/Users/roshan/.m2/repository/org/freemarker/freemarker/2.3.32/freemarker-2.3.32.jar:/Users/roshan/.m2/repository/org/projectlombok/lombok/1.18.26/lombok-1.18.26.jar:/Users/roshan/.m2/repository/io/cucumber/cucumber-java/7.31.0/cucumber-java-7.31.0.jar:/Users/roshan/.m2/repository/io/cucumber/cucumber-core/7.31.0/cucumber-core-7.31.0.jar:/Users/roshan/.m2/repository/io/cucumber/cucumber-gherkin/7.31.0/cucumber-gherkin-7.31.0.jar:/Users/roshan/.m2/repository/io/cucumber/cucumber-gherkin-messages/7.31.0/cucumber-gherkin-messages-7.31.0.jar:/Users/roshan/.m2/repository/io/cucumber/gherkin/36.0.0/gherkin-36.0.0.jar:/Users/roshan/.m2/repository/io/cucumber/messages/30.1.0/messages-30.1.0.jar:/Users/roshan/.m2/repository/io/cucumber/pretty-formatter/2.4.0/pretty-formatter-2.4.0.jar:/Users/roshan/.m2/repository/io/cucumber/query/14.6.0/query-14.6.0.jar:/Users/roshan/.m2/repository/io/cucumber/teamcity-formatter/0.2.0/teamcity-formatter-0.2.0.jar:/Users/roshan/.m2/repository/io/cucumber/testng-xml-formatter/0.7.0/testng-xml-formatter-0.7.0.jar:/Users/roshan/.m2/repository/io/cucumber/usage-formatter/0.1.0/usage-formatter-0.1.0.jar:/Users/roshan/.m2/repository/io/cucumber/tag-expressions/8.0.0/tag-expressions-8.0.0.jar:/Users/roshan/.m2/repository/io/cucumber/cucumber-expressions/18.0.1/cucumber-expressions-18.0.1.jar:/Users/roshan/.m2/repository/io/cucumber/cucumber-json-formatter/0.3.0/cucumber-json-formatter-0.3.0.jar:/Users/roshan/.m2/repository/io/cucumber/datatable/7.31.0/datatable-7.31.0.jar:/Users/roshan/.m2/repository/io/cucumber/cucumber-plugin/7.31.0/cucumber-plugin-7.31.0.jar:/Users/roshan/.m2/repository/io/cucumber/docstring/7.31.0/docstring-7.31.0.jar:/Users/roshan/.m2/repository/io/cucumber/html-formatter/22.0.0/html-formatter-22.0.0.jar:/Users/roshan/.m2/repository/io/cucumber/junit-xml-formatter/0.10.0/junit-xml-formatter-0.10.0.jar:/Users/roshan/.m2/repository/io/cucumber/ci-environment/12.0.0/ci-environment-12.0.0.jar:/Users/roshan/.m2/repository/org/apiguardian/apiguardian-api/1.1.2/apiguardian-api-1.1.2.jar:/Users/roshan/.m2/repository/io/cucumber/cucumber-testng/7.31.0/cucumber-testng-7.31.0.jar:"/>
    <property name="java.vm.vendor" value="Homebrew"/>
    <property name="sun.arch.data.model" value="64"/>
    <property name="java.vendor.url" value="https://github.com/Homebrew/homebrew-core/issues"/>
    <property name="user.timezone" value="America/Chicago"/>
    <property name="os.name" value="Mac OS X"/>
    <property name="java.vm.specification.version" value="25"/>
    <property name="sun.java.launcher" value="SUN_STANDARD"/>
    <property name="user.country" value="US"/>
    <property name="sun.boot.library.path" value="/opt/homebrew/Cellar/openjdk/25.0.1/libexec/openjdk.jdk/Contents/Home/lib"/>
    <property name="sun.java.command" value="/Users/roshan/eclipse-workspace/SeleniumFrameworkDesign/target/surefire/surefirebooter-20251120080922537_3.jar /Users/roshan/eclipse-workspace/SeleniumFrameworkDesign/target/surefire 2025-11-20T08-09-22_498-jvmRun1 surefire-20251120080922537_1tmp surefire_0-20251120080922537_2tmp"/>
    <property name="http.nonProxyHosts" value="local|*.local|169.254/16|*.169.254/16"/>
    <property name="jdk.debug" value="release"/>
    <property name="surefire.test.class.path" value="/Users/roshan/eclipse-workspace/SeleniumFrameworkDesign/target/test-classes:/Users/roshan/eclipse-workspace/SeleniumFrameworkDesign/target/classes:/Users/roshan/.m2/repository/org/seleniumhq/selenium/selenium-java/4.38.0/selenium-java-4.38.0.jar:/Users/roshan/.m2/repository/org/seleniumhq/selenium/selenium-api/4.38.0/selenium-api-4.38.0.jar:/Users/roshan/.m2/repository/org/jspecify/jspecify/1.0.0/jspecify-1.0.0.jar:/Users/roshan/.m2/repository/org/seleniumhq/selenium/selenium-chrome-driver/4.38.0/selenium-chrome-driver-4.38.0.jar:/Users/roshan/.m2/repository/com/google/auto/service/auto-service-annotations/1.1.1/auto-service-annotations-1.1.1.jar:/Users/roshan/.m2/repository/org/seleniumhq/selenium/selenium-chromium-driver/4.38.0/selenium-chromium-driver-4.38.0.jar:/Users/roshan/.m2/repository/org/seleniumhq/selenium/selenium-json/4.38.0/selenium-json-4.38.0.jar:/Users/roshan/.m2/repository/org/seleniumhq/selenium/selenium-manager/4.38.0/selenium-manager-4.38.0.jar:/Users/roshan/.m2/repository/org/seleniumhq/selenium/selenium-devtools-v140/4.38.0/selenium-devtools-v140-4.38.0.jar:/Users/roshan/.m2/repository/org/seleniumhq/selenium/selenium-devtools-v141/4.38.0/selenium-devtools-v141-4.38.0.jar:/Users/roshan/.m2/repository/org/seleniumhq/selenium/selenium-devtools-v142/4.38.0/selenium-devtools-v142-4.38.0.jar:/Users/roshan/.m2/repository/org/seleniumhq/selenium/selenium-edge-driver/4.38.0/selenium-edge-driver-4.38.0.jar:/Users/roshan/.m2/repository/org/seleniumhq/selenium/selenium-firefox-driver/4.38.0/selenium-firefox-driver-4.38.0.jar:/Users/roshan/.m2/repository/org/seleniumhq/selenium/selenium-http/4.38.0/selenium-http-4.38.0.jar:/Users/roshan/.m2/repository/org/seleniumhq/selenium/selenium-ie-driver/4.38.0/selenium-ie-driver-4.38.0.jar:/Users/roshan/.m2/repository/org/seleniumhq/selenium/selenium-remote-driver/4.38.0/selenium-remote-driver-4.38.0.jar:/Users/roshan/.m2/repository/com/google/guava/guava/33.5.0-jre/guava-33.5.0-jre.jar:/Users/roshan/.m2/repository/com/google/guava/failureaccess/1.0.3/failureaccess-1.0.3.jar:/Users/roshan/.m2/repository/com/google/guava/listenablefuture/9999.0-empty-to-avoid-conflict-with-guava/listenablefuture-9999.0-empty-to-avoid-conflict-with-guava.jar:/Users/roshan/.m2/repository/com/google/j2objc/j2objc-annotations/3.1/j2objc-annotations-3.1.jar:/Users/roshan/.m2/repository/io/opentelemetry/opentelemetry-api/1.55.0/opentelemetry-api-1.55.0.jar:/Users/roshan/.m2/repository/io/opentelemetry/opentelemetry-context/1.55.0/opentelemetry-context-1.55.0.jar:/Users/roshan/.m2/repository/io/opentelemetry/opentelemetry-common/1.55.0/opentelemetry-common-1.55.0.jar:/Users/roshan/.m2/repository/io/opentelemetry/opentelemetry-exporter-logging/1.55.0/opentelemetry-exporter-logging-1.55.0.jar:/Users/roshan/.m2/repository/io/opentelemetry/opentelemetry-sdk-common/1.55.0/opentelemetry-sdk-common-1.55.0.jar:/Users/roshan/.m2/repository/io/opentelemetry/opentelemetry-sdk-extension-autoconfigure-spi/1.55.0/opentelemetry-sdk-extension-autoconfigure-spi-1.55.0.jar:/Users/roshan/.m2/repository/io/opentelemetry/opentelemetry-sdk-extension-autoconfigure/1.55.0/opentelemetry-sdk-extension-autoconfigure-1.55.0.jar:/Users/roshan/.m2/repository/io/opentelemetry/opentelemetry-sdk-trace/1.55.0/opentelemetry-sdk-trace-1.55.0.jar:/Users/roshan/.m2/repository/io/opentelemetry/opentelemetry-sdk/1.55.0/opentelemetry-sdk-1.55.0.jar:/Users/roshan/.m2/repository/io/opentelemetry/opentelemetry-sdk-metrics/1.55.0/opentelemetry-sdk-metrics-1.55.0.jar:/Users/roshan/.m2/repository/io/opentelemetry/opentelemetry-sdk-logs/1.55.0/opentelemetry-sdk-logs-1.55.0.jar:/Users/roshan/.m2/repository/net/bytebuddy/byte-buddy/1.17.8/byte-buddy-1.17.8.jar:/Users/roshan/.m2/repository/org/seleniumhq/selenium/selenium-os/4.38.0/selenium-os-4.38.0.jar:/Users/roshan/.m2/repository/org/apache/commons/commons-exec/1.5.0/commons-exec-1.5.0.jar:/Users/roshan/.m2/repository/org/seleniumhq/selenium/selenium-safari-driver/4.38.0/selenium-safari-driver-4.38.0.jar:/Users/roshan/.m2/repository/org/seleniumhq/selenium/selenium-support/4.38.0/selenium-support-4.38.0.jar:/Users/roshan/.m2/repository/org/testng/testng/7.11.0/testng-7.11.0.jar:/Users/roshan/.m2/repository/org/slf4j/slf4j-api/2.0.16/slf4j-api-2.0.16.jar:/Users/roshan/.m2/repository/org/jcommander/jcommander/1.83/jcommander-1.83.jar:/Users/roshan/.m2/repository/org/webjars/jquery/3.7.1/jquery-3.7.1.jar:/Users/roshan/.m2/repository/io/github/bonigarcia/webdrivermanager/6.3.3/webdrivermanager-6.3.3.jar:/Users/roshan/.m2/repository/com/google/code/gson/gson/2.13.2/gson-2.13.2.jar:/Users/roshan/.m2/repository/com/google/errorprone/error_prone_annotations/2.41.0/error_prone_annotations-2.41.0.jar:/Users/roshan/.m2/repository/com/github/docker-java/docker-java/3.6.0/docker-java-3.6.0.jar:/Users/roshan/.m2/repository/com/github/docker-java/docker-java-core/3.6.0/docker-java-core-3.6.0.jar:/Users/roshan/.m2/repository/com/github/docker-java/docker-java-api/3.6.0/docker-java-api-3.6.0.jar:/Users/roshan/.m2/repository/com/fasterxml/jackson/core/jackson-databind/2.19.2/jackson-databind-2.19.2.jar:/Users/roshan/.m2/repository/com/fasterxml/jackson/core/jackson-core/2.19.2/jackson-core-2.19.2.jar:/Users/roshan/.m2/repository/org/slf4j/jcl-over-slf4j/1.7.30/jcl-over-slf4j-1.7.30.jar:/Users/roshan/.m2/repository/com/github/docker-java/docker-java-transport-httpclient5/3.6.0/docker-java-transport-httpclient5-3.6.0.jar:/Users/roshan/.m2/repository/com/github/docker-java/docker-java-transport/3.6.0/docker-java-transport-3.6.0.jar:/Users/roshan/.m2/repository/net/java/dev/jna/jna/5.17.0/jna-5.17.0.jar:/Users/roshan/.m2/repository/org/brotli/dec/0.1.2/dec-0.1.2.jar:/Users/roshan/.m2/repository/org/apache/commons/commons-lang3/3.19.0/commons-lang3-3.19.0.jar:/Users/roshan/.m2/repository/org/apache/commons/commons-compress/1.28.0/commons-compress-1.28.0.jar:/Users/roshan/.m2/repository/commons-codec/commons-codec/1.19.0/commons-codec-1.19.0.jar:/Users/roshan/.m2/repository/commons-io/commons-io/2.20.0/commons-io-2.20.0.jar:/Users/roshan/.m2/repository/org/apache/httpcomponents/client5/httpclient5/5.4.3/httpclient5-5.4.3.jar:/Users/roshan/.m2/repository/org/apache/httpcomponents/core5/httpcore5/5.3.4/httpcore5-5.3.4.jar:/Users/roshan/.m2/repository/org/apache/httpcomponents/core5/httpcore5-h2/5.3.4/httpcore5-h2-5.3.4.jar:/Users/roshan/.m2/repository/tools/jackson/core/jackson-databind/3.0.2/jackson-databind-3.0.2.jar:/Users/roshan/.m2/repository/com/fasterxml/jackson/core/jackson-annotations/2.20/jackson-annotations-2.20.jar:/Users/roshan/.m2/repository/tools/jackson/core/jackson-core/3.0.2/jackson-core-3.0.2.jar:/Users/roshan/.m2/repository/com/aventstack/extentreports/5.1.2/extentreports-5.1.2.jar:/Users/roshan/.m2/repository/io/reactivex/rxjava3/rxjava/3.1.6/rxjava-3.1.6.jar:/Users/roshan/.m2/repository/org/reactivestreams/reactive-streams/1.0.4/reactive-streams-1.0.4.jar:/Users/roshan/.m2/repository/org/freemarker/freemarker/2.3.32/freemarker-2.3.32.jar:/Users/roshan/.m2/repository/org/projectlombok/lombok/1.18.26/lombok-1.18.26.jar:/Users/roshan/.m2/repository/io/cucumber/cucumber-java/7.31.0/cucumber-java-7.31.0.jar:/Users/roshan/.m2/repository/io/cucumber/cucumber-core/7.31.0/cucumber-core-7.31.0.jar:/Users/roshan/.m2/repository/io/cucumber/cucumber-gherkin/7.31.0/cucumber-gherkin-7.31.0.jar:/Users/roshan/.m2/repository/io/cucumber/cucumber-gherkin-messages/7.31.0/cucumber-gherkin-messages-7.31.0.jar:/Users/roshan/.m2/repository/io/cucumber/gherkin/36.0.0/gherkin-36.0.0.jar:/Users/roshan/.m2/repository/io/cucumber/messages/30.1.0/messages-30.1.0.jar:/Users/roshan/.m2/repository/io/cucumber/pretty-formatter/2.4.0/pretty-formatter-2.4.0.jar:/Users/roshan/.m2/repository/io/cucumber/query/14.6.0/query-14.6.0.jar:/Users/roshan/.m2/repository/io/cucumber/teamcity-formatter/0.2.0/teamcity-formatter-0.2.0.jar:/Users/roshan/.m2/repository/io/cucumber/testng-xml-formatter/0.7.0/testng-xml-formatter-0.7.0.jar:/Users/roshan/.m2/repository/io/cucumber/usage-formatter/0.1.0/usage-formatter-0.1.0.jar:/Users/roshan/.m2/repository/io/cucumber/tag-expressions/8.0.0/tag-expressions-8.0.0.jar:/Users/roshan/.m2/repository/io/cucumber/cucumber-expressions/18.0.1/cucumber-expressions-18.0.1.jar:/Users/roshan/.m2/repository/io/cucumber/cucumber-json-formatter/0.3.0/cucumber-json-formatter-0.3.0.jar:/Users/roshan/.m2/repository/io/cucumber/datatable/7.31.0/datatable-7.31.0.jar:/Users/roshan/.m2/repository/io/cucumber/cucumber-plugin/7.31.0/cucumber-plugin-7.31.0.jar:/Users/roshan/.m2/repository/io/cucumber/docstring/7.31.0/docstring-7.31.0.jar:/Users/roshan/.m2/repository/io/cucumber/html-formatter/22.0.0/html-formatter-22.0.0.jar:/Users/roshan/.m2/repository/io/cucumber/junit-xml-formatter/0.10.0/junit-xml-formatter-0.10.0.jar:/Users/roshan/.m2/repository/io/cucumber/ci-environment/12.0.0/ci-environment-12.0.0.jar:/Users/roshan/.m2/repository/org/apiguardian/apiguardian-api/1.1.2/apiguardian-api-1.1.2.jar:/Users/roshan/.m2/repository/io/cucumber/cucumber-testng/7.31.0/cucumber-testng-7.31.0.jar:"/>
    <property name="sun.cpu.endian" value="little"/>
    <property name="user.home" value="/Users/roshan"/>
    <property name="user.language" value="en"/>
    <property name="browserchrome" value="true"/>
    <property name="java.specification.vendor" value="Oracle Corporation"/>
    <property name="java.version.date" value="2025-10-21"/>
    <property name="java.home" value="/opt/homebrew/Cellar/openjdk/25.0.1/libexec/openjdk.jdk/Contents/Home"/>
    <property name="file.separator" value="/"/>
    <property name="basedir" value="/Users/roshan/eclipse-workspace/SeleniumFrameworkDesign"/>
    <property name="java.vm.compressedOopsMode" value="Zero based"/>
    <property name="line.separator" value="&#10;"/>
    <property name="java.vm.specification.vendor" value="Oracle Corporation"/>
    <property name="java.specification.name" value="Java Platform API Specification"/>
    <property name="apple.awt.application.name" value="ForkedBooter"/>
    <property name="surefire.real.class.path" value="/Users/roshan/eclipse-workspace/SeleniumFrameworkDesign/target/surefire/surefirebooter-20251120080922537_3.jar"/>
    <property name="sun.management.compiler" value="HotSpot 64-Bit Tiered Compilers"/>
    <property name="ftp.nonProxyHosts" value="local|*.local|169.254/16|*.169.254/16"/>
    <property name="java.runtime.version" value="25.0.1"/>
    <property name="user.name" value="roshan"/>
    <property name="stdout.encoding" value="UTF-8"/>
    <property name="path.separator" value=":"/>
    <property name="os.version" value="26.1"/>
    <property name="java.runtime.name" value="OpenJDK Runtime Environment"/>
    <property name="file.encoding" value="UTF-8"/>
    <property name="java.vm.name" value="OpenJDK 64-Bit Server VM"/>
    <property name="java.vendor.version" value="Homebrew"/>
    <property name="localRepository" value="/Users/roshan/.m2/repository"/>
    <property name="java.vendor.url.bug" value="https://github.com/Homebrew/homebrew-core/issues"/>
    <property name="java.io.tmpdir" value="/var/folders/fj/1y30smkn19d0x1r6g3zr71d40000gn/T/"/>
    <property name="java.version" value="25.0.1"/>
    <property name="user.dir" value="/Users/roshan/eclipse-workspace/SeleniumFrameworkDesign"/>
    <property name="os.arch" value="aarch64"/>
    <property name="java.vm.specification.name" value="Java Virtual Machine Specification"/>
    <property name="native.encoding" value="UTF-8"/>
    <property name="java.library.path" value="/Users/roshan/Library/Java/Extensions:/Library/Java/Extensions:/Network/Library/Java/Extensions:/System/Library/Java/Extensions:/usr/lib/java:."/>
    <property name="java.vm.info" value="mixed mode, sharing"/>
    <property name="stderr.encoding" value="UTF-8"/>
    <property name="java.vendor" value="Homebrew"/>
    <property name="java.vm.version" value="25.0.1"/>
    <property name="stdin.encoding" value="UTF-8"/>
    <property name="sun.io.unicode.encoding" value="UnicodeBig"/>
    <property name="socksNonProxyHosts" value="local|*.local|169.254/16|*.169.254/16"/>
    <property name="java.class.version" value="69.0"/>
  </properties>
  <testcase name="loginErrorValidation" classname="roshanAcademy.tests.ErrorValidation" time="4.604">
    <failure message="expected:&lt;&gt; but was:&lt;Incorrect email or password.....&gt;" type="java.lang.AssertionError"><![CDATA[java.lang.AssertionError: expected:<> but was:<Incorrect email or password.....>
	at org.testng.AssertJUnit.assertEquals(AssertJUnit.java:115)
	at org.testng.AssertJUnit.assertEquals(AssertJUnit.java:125)
	at roshanAcademy.tests.ErrorValidation.loginErrorValidation(ErrorValidation.java:29)
	at java.base/jdk.internal.reflect.DirectMethodHandleAccessor.invoke(DirectMethodHandleAccessor.java:104)
	at java.base/java.lang.reflect.Method.invoke(Method.java:565)
	at org.testng.internal.invokers.MethodInvocationHelper.invokeMethod(MethodInvocationHelper.java:141)
	at org.testng.internal.invokers.TestInvoker.invokeMethod(TestInvoker.java:687)
	at org.testng.internal.invokers.TestInvoker.invokeTestMethod(TestInvoker.java:230)
	at org.testng.internal.invokers.MethodRunner.runInSequence(MethodRunner.java:63)
	at org.testng.internal.invokers.TestInvoker$MethodInvocationAgent.invoke(TestInvoker.java:995)
	at org.testng.internal.invokers.TestInvoker.invokeTestMethods(TestInvoker.java:203)
	at org.testng.internal.invokers.TestMethodWorker.invokeTestMethods(TestMethodWorker.java:154)
	at org.testng.internal.invokers.TestMethodWorker.run(TestMethodWorker.java:134)
	at java.base/java.util.ArrayList.forEach(ArrayList.java:1604)
	at org.testng.TestRunner.privateRun(TestRunner.java:741)
	at org.testng.TestRunner.run(TestRunner.java:616)
	at org.testng.SuiteRunner.runTest(SuiteRunner.java:421)
	at org.testng.SuiteRunner$SuiteWorker.run(SuiteRunner.java:463)
	at org.testng.internal.thread.ThreadUtil.lambda$execute$0(ThreadUtil.java:64)
	at java.base/java.util.concurrent.FutureTask.run(FutureTask.java:328)
	at java.base/java.util.concurrent.ThreadPoolExecutor.runWorker(ThreadPoolExecutor.java:1090)
	at java.base/java.util.concurrent.ThreadPoolExecutor$Worker.run(ThreadPoolExecutor.java:614)
	at java.base/java.lang.Thread.run(Thread.java:1474)
]]></failure>
    <system-err><![CDATA[SLF4J(W): No SLF4J providers were found.
SLF4J(W): Defaulting to no-operation (NOP) logger implementation
SLF4J(W): See https://www.slf4j.org/codes.html#noProviders for further details.
]]></system-err>
  </testcase>
  <testcase name="productErrorValidation" classname="roshanAcademy.tests.ErrorValidation" time="0.0">
    <skipped message="element click intercepted: Element &lt;button _ngcontent-mfi-c38=&quot;&quot; routerlink=&quot;/dashboard/cart&quot; class=&quot;btn btn-custom&quot; style=&quot;margin-top: -10px;&quot; tabindex=&quot;0&quot;&gt;...&lt;/button&gt; is not clickable at point (1359, 26). Other element would receive the click: &lt;div _ngcontent-mfi-c11=&quot;&quot; class=&quot;ngx-spinner-overlay ng-tns-c11-1 ng-trigger ng-trigger-fadeIn ng-star-inserted ng-animating&quot; style=&quot;background-color: rgba(51, 51, 51, 0.8); z-index: 99999; position: fixed;&quot;&gt;...&lt;/div&gt;&#10;  (Session info: chrome=142.0.7444.176)&#10;Build info: version: &apos;4.38.0&apos;, revision: &apos;6b412e825c*&apos;&#10;System info: os.name: &apos;Mac OS X&apos;, os.arch: &apos;aarch64&apos;, os.version: &apos;26.1&apos;, java.version: &apos;25.0.1&apos;&#10;Driver info: org.openqa.selenium.chrome.ChromeDriver&#10;Command: [b5fde88470b3ebfb9eb08e06307e5b3b, clickElement {id=f.9A6685554DD852BDC93702D8CD92667E.d.A25BAA71E5FD44576373889D3CA8974E.e.70}]&#10;Capabilities {acceptInsecureCerts: false, browserName: chrome, browserVersion: 142.0.7444.176, chrome: {chromedriverVersion: 142.0.7444.175 (302067f14a4..., userDataDir: /var/folders/fj/1y30smkn19d...}, fedcm:accounts: true, goog:chromeOptions: {debuggerAddress: localhost:50500}, goog:processID: 19153, networkConnectionEnabled: false, pageLoadStrategy: normal, platformName: mac, proxy: Proxy(), se:cdp: ws://localhost:50500/devtoo..., se:cdpVersion: 142.0.7444.176, setWindowRect: true, strictFileInteractability: false, timeouts: {implicit: 0, pageLoad: 300000, script: 30000}, unhandledPromptBehavior: dismiss and notify, webauthn:extension:credBlob: true, webauthn:extension:largeBlob: true, webauthn:extension:minPinLength: true, webauthn:extension:prf: true, webauthn:virtualAuthenticators: true}&#10;Element: [[ChromeDriver: chrome on mac (b5fde88470b3ebfb9eb08e06307e5b3b)] -&gt; css selector: [routerlink*=&apos;cart&apos;]]&#10;Session ID: b5fde88470b3ebfb9eb08e06307e5b3b"/>
  </testcase>
  <testcase name="productErrorValidation" classname="roshanAcademy.tests.ErrorValidation" time="0.0">
    <skipped message="element click intercepted: Element &lt;button _ngcontent-lnw-c38=&quot;&quot; routerlink=&quot;/dashboard/cart&quot; class=&quot;btn btn-custom&quot; style=&quot;margin-top: -10px;&quot; tabindex=&quot;0&quot;&gt;...&lt;/button&gt; is not clickable at point (1363, 26). Other element would receive the click: &lt;div _ngcontent-lnw-c11=&quot;&quot; class=&quot;ngx-spinner-overlay ng-tns-c11-1 ng-trigger ng-trigger-fadeIn ng-star-inserted ng-animating&quot; style=&quot;background-color: rgba(51, 51, 51, 0.8); z-index: 99999; position: fixed;&quot;&gt;...&lt;/div&gt;&#10;  (Session info: chrome=142.0.7444.176)&#10;Build info: version: &apos;4.38.0&apos;, revision: &apos;6b412e825c*&apos;&#10;System info: os.name: &apos;Mac OS X&apos;, os.arch: &apos;aarch64&apos;, os.version: &apos;26.1&apos;, java.version: &apos;25.0.1&apos;&#10;Driver info: org.openqa.selenium.chrome.ChromeDriver&#10;Command: [32bd7ea33281ee167c604aeea0a71f99, clickElement {id=f.2276555F8754E2B3F2FD253A4EACF64A.d.6AD65D2698A561B76B7E5C08DA9632F3.e.70}]&#10;Capabilities {acceptInsecureCerts: false, browserName: chrome, browserVersion: 142.0.7444.176, chrome: {chromedriverVersion: 142.0.7444.175 (302067f14a4..., userDataDir: /var/folders/fj/1y30smkn19d...}, fedcm:accounts: true, goog:chromeOptions: {debuggerAddress: localhost:50548}, goog:processID: 19184, networkConnectionEnabled: false, pageLoadStrategy: normal, platformName: mac, proxy: Proxy(), se:cdp: ws://localhost:50548/devtoo..., se:cdpVersion: 142.0.7444.176, setWindowRect: true, strictFileInteractability: false, timeouts: {implicit: 0, pageLoad: 300000, script: 30000}, unhandledPromptBehavior: dismiss and notify, webauthn:extension:credBlob: true, webauthn:extension:largeBlob: true, webauthn:extension:minPinLength: true, webauthn:extension:prf: true, webauthn:virtualAuthenticators: true}&#10;Element: [[ChromeDriver: chrome on mac (32bd7ea33281ee167c604aeea0a71f99)] -&gt; css selector: [routerlink*=&apos;cart&apos;]]&#10;Session ID: 32bd7ea33281ee167c604aeea0a71f99"/>
  </testcase>
  <testcase name="productErrorValidation" classname="roshanAcademy.tests.ErrorValidation" time="5.261">
    <failure message="element click intercepted: Element &lt;button _ngcontent-cgc-c38=&quot;&quot; routerlink=&quot;/dashboard/cart&quot; class=&quot;btn btn-custom&quot; style=&quot;margin-top: -10px;&quot; tabindex=&quot;0&quot;&gt;...&lt;/button&gt; is not clickable at point (1355, 26). Other element would receive the click: &lt;div _ngcontent-cgc-c11=&quot;&quot; class=&quot;ngx-spinner-overlay ng-tns-c11-1 ng-trigger ng-trigger-fadeIn ng-star-inserted ng-animating&quot; style=&quot;background-color: rgba(51, 51, 51, 0.8); z-index: 99999; position: fixed;&quot;&gt;...&lt;/div&gt;&#10;  (Session info: chrome=142.0.7444.176)&#10;Build info: version: &apos;4.38.0&apos;, revision: &apos;6b412e825c*&apos;&#10;System info: os.name: &apos;Mac OS X&apos;, os.arch: &apos;aarch64&apos;, os.version: &apos;26.1&apos;, java.version: &apos;25.0.1&apos;&#10;Driver info: org.openqa.selenium.chrome.ChromeDriver&#10;Command: [e0d9fe0859235831bfc7442b55fba2dc, clickElement {id=f.274E2FA186A423CF50E3529F565F4E6E.d.DD07498CAB6F788B4F9226EDBDB4683C.e.70}]&#10;Capabilities {acceptInsecureCerts: false, browserName: chrome, browserVersion: 142.0.7444.176, chrome: {chromedriverVersion: 142.0.7444.175 (302067f14a4..., userDataDir: /var/folders/fj/1y30smkn19d...}, fedcm:accounts: true, goog:chromeOptions: {debuggerAddress: localhost:50579}, goog:processID: 19199, networkConnectionEnabled: false, pageLoadStrategy: normal, platformName: mac, proxy: Proxy(), se:cdp: ws://localhost:50579/devtoo..., se:cdpVersion: 142.0.7444.176, setWindowRect: true, strictFileInteractability: false, timeouts: {implicit: 0, pageLoad: 300000, script: 30000}, unhandledPromptBehavior: dismiss and notify, webauthn:extension:credBlob: true, webauthn:extension:largeBlob: true, webauthn:extension:minPinLength: true, webauthn:extension:prf: true, webauthn:virtualAuthenticators: true}&#10;Element: [[ChromeDriver: chrome on mac (e0d9fe0859235831bfc7442b55fba2dc)] -&gt; css selector: [routerlink*=&apos;cart&apos;]]&#10;Session ID: e0d9fe0859235831bfc7442b55fba2dc" type="org.openqa.selenium.ElementClickInterceptedException"><![CDATA[org.openqa.selenium.ElementClickInterceptedException: 
element click intercepted: Element <button _ngcontent-cgc-c38="" routerlink="/dashboard/cart" class="btn btn-custom" style="margin-top: -10px;" tabindex="0">...</button> is not clickable at point (1355, 26). Other element would receive the click: <div _ngcontent-cgc-c11="" class="ngx-spinner-overlay ng-tns-c11-1 ng-trigger ng-trigger-fadeIn ng-star-inserted ng-animating" style="background-color: rgba(51, 51, 51, 0.8); z-index: 99999; position: fixed;">...</div>
  (Session info: chrome=142.0.7444.176)
Build info: version: '4.38.0', revision: '6b412e825c*'
System info: os.name: 'Mac OS X', os.arch: 'aarch64', os.version: '26.1', java.version: '25.0.1'
Driver info: org.openqa.selenium.chrome.ChromeDriver
Command: [e0d9fe0859235831bfc7442b55fba2dc, clickElement {id=f.274E2FA186A423CF50E3529F565F4E6E.d.DD07498CAB6F788B4F9226EDBDB4683C.e.70}]
Capabilities {acceptInsecureCerts: false, browserName: chrome, browserVersion: 142.0.7444.176, chrome: {chromedriverVersion: 142.0.7444.175 (302067f14a4..., userDataDir: /var/folders/fj/1y30smkn19d...}, fedcm:accounts: true, goog:chromeOptions: {debuggerAddress: localhost:50579}, goog:processID: 19199, networkConnectionEnabled: false, pageLoadStrategy: normal, platformName: mac, proxy: Proxy(), se:cdp: ws://localhost:50579/devtoo..., se:cdpVersion: 142.0.7444.176, setWindowRect: true, strictFileInteractability: false, timeouts: {implicit: 0, pageLoad: 300000, script: 30000}, unhandledPromptBehavior: dismiss and notify, webauthn:extension:credBlob: true, webauthn:extension:largeBlob: true, webauthn:extension:minPinLength: true, webauthn:extension:prf: true, webauthn:virtualAuthenticators: true}
Element: [[ChromeDriver: chrome on mac (e0d9fe0859235831bfc7442b55fba2dc)] -> css selector: [routerlink*='cart']]
Session ID: e0d9fe0859235831bfc7442b55fba2dc
	at java.base/jdk.internal.reflect.DirectConstructorHandleAccessor.newInstance(DirectConstructorHandleAccessor.java:62)
	at java.base/java.lang.reflect.Constructor.newInstanceWithCaller(Constructor.java:499)
	at java.base/java.lang.reflect.Constructor.newInstance(Constructor.java:483)
	at org.openqa.selenium.remote.ErrorCodec.decode(ErrorCodec.java:167)
	at org.openqa.selenium.remote.codec.w3c.W3CHttpResponseCodec.decode(W3CHttpResponseCodec.java:138)
	at org.openqa.selenium.remote.codec.w3c.W3CHttpResponseCodec.decode(W3CHttpResponseCodec.java:50)
	at org.openqa.selenium.remote.HttpCommandExecutor.execute(HttpCommandExecutor.java:215)
	at org.openqa.selenium.remote.service.DriverCommandExecutor.invokeExecute(DriverCommandExecutor.java:216)
	at org.openqa.selenium.remote.service.DriverCommandExecutor.execute(DriverCommandExecutor.java:174)
	at org.openqa.selenium.remote.RemoteWebDriver.execute(RemoteWebDriver.java:557)
	at org.openqa.selenium.remote.RemoteWebElement.execute(RemoteWebElement.java:223)
	at org.openqa.selenium.remote.RemoteWebElement.click(RemoteWebElement.java:76)
	at java.base/jdk.internal.reflect.DirectMethodHandleAccessor.invoke(DirectMethodHandleAccessor.java:104)
	at java.base/java.lang.reflect.Method.invoke(Method.java:565)
	at org.openqa.selenium.support.pagefactory.internal.LocatingElementHandler.invoke(LocatingElementHandler.java:51)
	at jdk.proxy2/jdk.proxy2.$Proxy13.click(Unknown Source)
	at roshanAcademy.AbstractComponents.AbstractComponent.goToCartPage(AbstractComponent.java:45)
	at roshanAcademy.tests.ErrorValidation.productErrorValidation(ErrorValidation.java:43)
	at java.base/jdk.internal.reflect.DirectMethodHandleAccessor.invoke(DirectMethodHandleAccessor.java:104)
	at java.base/java.lang.reflect.Method.invoke(Method.java:565)
	at org.testng.internal.invokers.MethodInvocationHelper.invokeMethod(MethodInvocationHelper.java:141)
	at org.testng.internal.invokers.TestInvoker.invokeMethod(TestInvoker.java:687)
	at org.testng.internal.invokers.TestInvoker.retryFailed(TestInvoker.java:269)
	at org.testng.internal.invokers.MethodRunner.runInSequence(MethodRunner.java:76)
	at org.testng.internal.invokers.TestInvoker$MethodInvocationAgent.invoke(TestInvoker.java:995)
	at org.testng.internal.invokers.TestInvoker.invokeTestMethods(TestInvoker.java:203)
	at org.testng.internal.invokers.TestMethodWorker.invokeTestMethods(TestMethodWorker.java:154)
	at org.testng.internal.invokers.TestMethodWorker.run(TestMethodWorker.java:134)
	at java.base/java.util.ArrayList.forEach(ArrayList.java:1604)
	at org.testng.TestRunner.privateRun(TestRunner.java:741)
	at org.testng.TestRunner.run(TestRunner.java:616)
	at org.testng.SuiteRunner.runTest(SuiteRunner.java:421)
	at org.testng.SuiteRunner$SuiteWorker.run(SuiteRunner.java:463)
	at org.testng.internal.thread.ThreadUtil.lambda$execute$0(ThreadUtil.java:64)
	at java.base/java.util.concurrent.FutureTask.run(FutureTask.java:328)
	at java.base/java.util.concurrent.ThreadPoolExecutor.runWorker(ThreadPoolExecutor.java:1090)
	at java.base/java.util.concurrent.ThreadPoolExecutor$Worker.run(ThreadPoolExecutor.java:614)
	at java.base/java.lang.Thread.run(Thread.java:1474)
]]></failure>
  </testcase>
  <testcase name="submitOrder[{password=Kathmandu@1, product=ZARA COAT 3, email=anc.grosh@gmail.com}](1)" classname="roshanAcademy.tests.SubmitOrderTest" time="4.617">
    <failure message="Cannot invoke &quot;org.openqa.selenium.WebElement.findElement(org.openqa.selenium.By)&quot; because &quot;prod&quot; is null" type="java.lang.NullPointerException"><![CDATA[java.lang.NullPointerException: Cannot invoke "org.openqa.selenium.WebElement.findElement(org.openqa.selenium.By)" because "prod" is null
	at roshanAcademy.pageObjects.ProductCatalog.addProductToCart(ProductCatalog.java:50)
	at roshanAcademy.tests.SubmitOrderTest.submitOrder(SubmitOrderTest.java:49)
	at java.base/jdk.internal.reflect.DirectMethodHandleAccessor.invoke(DirectMethodHandleAccessor.java:104)
	at java.base/java.lang.reflect.Method.invoke(Method.java:565)
	at org.testng.internal.invokers.MethodInvocationHelper.invokeMethod(MethodInvocationHelper.java:141)
	at org.testng.internal.invokers.TestInvoker.invokeMethod(TestInvoker.java:687)
	at org.testng.internal.invokers.TestInvoker.invokeTestMethod(TestInvoker.java:230)
	at org.testng.internal.invokers.MethodRunner.runInSequence(MethodRunner.java:63)
	at org.testng.internal.invokers.TestInvoker$MethodInvocationAgent.invoke(TestInvoker.java:995)
	at org.testng.internal.invokers.TestInvoker.invokeTestMethods(TestInvoker.java:203)
	at org.testng.internal.invokers.TestMethodWorker.invokeTestMethods(TestMethodWorker.java:154)
	at org.testng.internal.invokers.TestMethodWorker.run(TestMethodWorker.java:134)
	at java.base/java.util.ArrayList.forEach(ArrayList.java:1604)
	at org.testng.TestRunner.privateRun(TestRunner.java:741)
	at org.testng.TestRunner.run(TestRunner.java:616)
	at org.testng.SuiteRunner.runTest(SuiteRunner.java:421)
	at org.testng.SuiteRunner$SuiteWorker.run(SuiteRunner.java:463)
	at org.testng.internal.thread.ThreadUtil.lambda$execute$0(ThreadUtil.java:64)
	at java.base/java.util.concurrent.FutureTask.run(FutureTask.java:328)
	at java.base/java.util.concurrent.ThreadPoolExecutor.runWorker(ThreadPoolExecutor.java:1090)
	at java.base/java.util.concurrent.ThreadPoolExecutor$Worker.run(ThreadPoolExecutor.java:614)
	at java.base/java.lang.Thread.run(Thread.java:1474)
]]></failure>
  </testcase>
  <testcase name="submitOrder[{password=Kathmandu@123, product=ADIDAS ORIGINAL, email=grosh@gmail.com}](2)" classname="roshanAcademy.tests.SubmitOrderTest" time="1.701">
    <failure message="Cannot invoke &quot;org.openqa.selenium.WebElement.findElement(org.openqa.selenium.By)&quot; because &quot;prod&quot; is null" type="java.lang.NullPointerException"><![CDATA[java.lang.NullPointerException: Cannot invoke "org.openqa.selenium.WebElement.findElement(org.openqa.selenium.By)" because "prod" is null
	at roshanAcademy.pageObjects.ProductCatalog.addProductToCart(ProductCatalog.java:50)
	at roshanAcademy.tests.SubmitOrderTest.submitOrder(SubmitOrderTest.java:49)
	at java.base/jdk.internal.reflect.DirectMethodHandleAccessor.invoke(DirectMethodHandleAccessor.java:104)
	at java.base/java.lang.reflect.Method.invoke(Method.java:565)
	at org.testng.internal.invokers.MethodInvocationHelper.invokeMethod(MethodInvocationHelper.java:141)
	at org.testng.internal.invokers.TestInvoker.invokeMethod(TestInvoker.java:687)
	at org.testng.internal.invokers.TestInvoker.invokeTestMethod(TestInvoker.java:230)
	at org.testng.internal.invokers.MethodRunner.runInSequence(MethodRunner.java:63)
	at org.testng.internal.invokers.TestInvoker$MethodInvocationAgent.invoke(TestInvoker.java:995)
	at org.testng.internal.invokers.TestInvoker.invokeTestMethods(TestInvoker.java:203)
	at org.testng.internal.invokers.TestMethodWorker.invokeTestMethods(TestMethodWorker.java:154)
	at org.testng.internal.invokers.TestMethodWorker.run(TestMethodWorker.java:134)
	at java.base/java.util.ArrayList.forEach(ArrayList.java:1604)
	at org.testng.TestRunner.privateRun(TestRunner.java:741)
	at org.testng.TestRunner.run(TestRunner.java:616)
	at org.testng.SuiteRunner.runTest(SuiteRunner.java:421)
	at org.testng.SuiteRunner$SuiteWorker.run(SuiteRunner.java:463)
	at org.testng.internal.thread.ThreadUtil.lambda$execute$0(ThreadUtil.java:64)
	at java.base/java.util.concurrent.FutureTask.run(FutureTask.java:328)
	at java.base/java.util.concurrent.ThreadPoolExecutor.runWorker(ThreadPoolExecutor.java:1090)
	at java.base/java.util.concurrent.ThreadPoolExecutor$Worker.run(ThreadPoolExecutor.java:614)
	at java.base/java.lang.Thread.run(Thread.java:1474)
]]></failure>
  </testcase>
  <testcase name="orderHistoryTest" classname="roshanAcademy.tests.SubmitOrderTest" time="0.0">
    <skipped message="Method roshanAcademy.tests.SubmitOrderTest.orderHistoryTest() on instance roshanAcademy.tests.SubmitOrderTest@26d9b808 depends on not successfully finished methods &#10;[roshanAcademy.tests.SubmitOrderTest.submitOrder() on instance roshanAcademy.tests.SubmitOrderTest@26d9b808]"/>
  </testcase>
</testsuite>