<?xml version="1.0" encoding="UTF-8"?>
<!-- Generated by org.testng.reporters.JUnitReportReporter -->
<testsuite hostname="Mac.lan" failures="1" tests="2" name="cucumber.TestNGTestRunner" time="21.994" errors="0" timestamp="2025-11-20T00:50:37 CST" skipped="0">
  <testcase classname="cucumber.TestNGTestRunner" name="runScenario" time="9.470"/>
  <testcase classname="cucumber.TestNGTestRunner" name="runScenario" time="12.524">
    <failure message="expected:&lt;&gt; but was:&lt;Incorrect email or password.&gt;" type="java.lang.AssertionError">
      <![CDATA[java.lang.AssertionError: expected:<> but was:<Incorrect email or password.>
at org.testng.AssertJUnit.assertEquals(AssertJUnit.java:115)
at org.testng.AssertJUnit.assertEquals(AssertJUnit.java:125)
at roshanAcademy.stepsDefinition.StepDefinitonImpl.message_is_displayed(StepDefinitonImpl.java:63)
at âœ½."Incorrect email or password." message is displayed(file:///Users/roshan/eclipse-workspace/SeleniumFrameworkDesign/src/test/java/cucumber/ErrorValidation.feature:14)
]]>
    </failure>
  </testcase> <!-- runScenario -->
</testsuite> <!-- cucumber.TestNGTestRunner -->
